<?xml version="1.0" encoding="UTF-8"?>
<!-- Generated by org.testng.reporters.JUnitXMLReporter -->
<testsuite ignored="0" hostname="Chinmays-MacBook-Pro.local" failures="0" tests="3" name="Default test" time="62.686" errors="0" timestamp="23 May 2018 06:25:51 GMT">
  <testcase classname="com.qa.crm.testcases.ContactsPageTest" name="VerifyContactsPageTest" time="0.793"/>
  <testcase classname="com.qa.crm.testcases.ContactsPageTest" name="ChecktheContactname" time="1.094"/>
  <testcase classname="com.qa.crm.testcases.ContactsPageTest" name="MutlipleChecktheContactname" time="0.912"/>
</testsuite> <!-- Default test -->
