<?xml version="1.0" encoding="UTF-8"?>
<!-- Generated by org.testng.reporters.JUnitXMLReporter -->
<testsuite ignored="0" hostname="Chinmays-MacBook-Pro.local" failures="0" tests="9" name="Free CRM App Test Cases" time="147.075" errors="0" timestamp="23 May 2018 06:35:12 GMT">
  <testcase classname="com.qa.crm.testcases.LoginPageTest" name="LoginTest" time="13.036"/>
  <testcase classname="com.qa.crm.testcases.HomePageTest" name="VerifyUsername" time="0.064"/>
  <testcase classname="com.qa.crm.testcases.ContactsPageTest" name="VerifyContactsPageTest" time="0.805"/>
  <testcase classname="com.qa.crm.testcases.LoginPageTest" name="LogoDisplayed" time="0.035"/>
  <testcase classname="com.qa.crm.testcases.HomePageTest" name="VerifyPageTitle" time="0.007"/>
  <testcase classname="com.qa.crm.testcases.ContactsPageTest" name="ChecktheContactname" time="1.377"/>
  <testcase classname="com.qa.crm.testcases.ContactsPageTest" name="MutlipleChecktheContactname" time="0.93"/>
  <testcase classname="com.qa.crm.testcases.LoginPageTest" name="verifyPagetitle" time="0.007"/>
  <testcase classname="com.qa.crm.testcases.HomePageTest" name="VerifyContactsLink" time="0.148"/>
</testsuite> <!-- Free CRM App Test Cases -->
