<?xml version="1.0" encoding="UTF-8"?>
<testng-results ignored="0" total="9" passed="9" failed="0" skipped="0">
  <reporter-output>
  </reporter-output>
  <suite started-at="2018-05-23T06:32:45Z" name="FREECrmH" finished-at="2018-05-23T06:35:12Z" duration-ms="147075">
    <groups>
    </groups>
    <test started-at="2018-05-23T06:32:45Z" name="Free CRM App Test Cases" finished-at="2018-05-23T06:35:12Z" duration-ms="147075">
      <class name="com.qa.crm.testcases.ContactsPageTest">
        <test-method is-config="true" signature="SetUp()[pri:0, instance:com.qa.crm.testcases.ContactsPageTest@36d585c]" started-at="2018-05-23T12:03:22Z" name="SetUp" finished-at="2018-05-23T12:03:41Z" duration-ms="18968" status="PASS">
          <reporter-output>
          </reporter-output>
        </test-method> <!-- SetUp -->
        <test-method signature="VerifyContactsPageTest()[pri:1, instance:com.qa.crm.testcases.ContactsPageTest@36d585c]" started-at="2018-05-23T12:03:41Z" name="VerifyContactsPageTest" finished-at="2018-05-23T12:03:42Z" duration-ms="805" status="PASS">
          <reporter-output>
          </reporter-output>
        </test-method> <!-- VerifyContactsPageTest -->
        <test-method is-config="true" signature="tearDown()[pri:0, instance:com.qa.crm.testcases.ContactsPageTest@36d585c]" started-at="2018-05-23T12:03:42Z" name="tearDown" finished-at="2018-05-23T12:03:42Z" duration-ms="89" status="PASS">
          <reporter-output>
          </reporter-output>
        </test-method> <!-- tearDown -->
        <test-method is-config="true" signature="SetUp()[pri:0, instance:com.qa.crm.testcases.ContactsPageTest@36d585c]" started-at="2018-05-23T12:04:08Z" name="SetUp" finished-at="2018-05-23T12:04:22Z" duration-ms="14141" status="PASS">
          <reporter-output>
          </reporter-output>
        </test-method> <!-- SetUp -->
        <test-method signature="ChecktheContactname()[pri:2, instance:com.qa.crm.testcases.ContactsPageTest@36d585c]" started-at="2018-05-23T12:04:22Z" name="ChecktheContactname" finished-at="2018-05-23T12:04:23Z" duration-ms="1377" status="PASS">
          <reporter-output>
          </reporter-output>
        </test-method> <!-- ChecktheContactname -->
        <test-method is-config="true" signature="tearDown()[pri:0, instance:com.qa.crm.testcases.ContactsPageTest@36d585c]" started-at="2018-05-23T12:04:23Z" name="tearDown" finished-at="2018-05-23T12:04:23Z" duration-ms="84" status="PASS">
          <reporter-output>
          </reporter-output>
        </test-method> <!-- tearDown -->
        <test-method is-config="true" signature="SetUp()[pri:0, instance:com.qa.crm.testcases.ContactsPageTest@36d585c]" started-at="2018-05-23T12:04:23Z" name="SetUp" finished-at="2018-05-23T12:04:47Z" duration-ms="23687" status="PASS">
          <reporter-output>
          </reporter-output>
        </test-method> <!-- SetUp -->
        <test-method signature="MutlipleChecktheContactname()[pri:2, instance:com.qa.crm.testcases.ContactsPageTest@36d585c]" started-at="2018-05-23T12:04:47Z" name="MutlipleChecktheContactname" finished-at="2018-05-23T12:04:48Z" duration-ms="930" status="PASS">
          <reporter-output>
          </reporter-output>
        </test-method> <!-- MutlipleChecktheContactname -->
        <test-method is-config="true" signature="tearDown()[pri:0, instance:com.qa.crm.testcases.ContactsPageTest@36d585c]" started-at="2018-05-23T12:04:48Z" name="tearDown" finished-at="2018-05-23T12:04:48Z" duration-ms="87" status="PASS">
          <reporter-output>
          </reporter-output>
        </test-method> <!-- tearDown -->
      </class> <!-- com.qa.crm.testcases.ContactsPageTest -->
      <class name="com.qa.crm.testcases.LoginPageTest">
        <test-method is-config="true" signature="setUp()[pri:0, instance:com.qa.crm.testcases.LoginPageTest@5f16132a]" started-at="2018-05-23T12:02:45Z" name="setUp" finished-at="2018-05-23T12:02:53Z" duration-ms="8303" status="PASS">
          <reporter-output>
          </reporter-output>
        </test-method> <!-- setUp -->
        <test-method signature="LoginTest()[pri:1, instance:com.qa.crm.testcases.LoginPageTest@5f16132a]" started-at="2018-05-23T12:02:53Z" name="LoginTest" finished-at="2018-05-23T12:03:07Z" duration-ms="13036" status="PASS">
          <reporter-output>
          </reporter-output>
        </test-method> <!-- LoginTest -->
        <test-method is-config="true" signature="tearDown()[pri:0, instance:com.qa.crm.testcases.LoginPageTest@5f16132a]" started-at="2018-05-23T12:03:07Z" name="tearDown" finished-at="2018-05-23T12:03:07Z" duration-ms="155" status="PASS">
          <reporter-output>
          </reporter-output>
        </test-method> <!-- tearDown -->
        <test-method is-config="true" signature="setUp()[pri:0, instance:com.qa.crm.testcases.LoginPageTest@5f16132a]" started-at="2018-05-23T12:03:42Z" name="setUp" finished-at="2018-05-23T12:03:50Z" duration-ms="7404" status="PASS">
          <reporter-output>
          </reporter-output>
        </test-method> <!-- setUp -->
        <test-method signature="LogoDisplayed()[pri:2, instance:com.qa.crm.testcases.LoginPageTest@5f16132a]" started-at="2018-05-23T12:03:50Z" name="LogoDisplayed" finished-at="2018-05-23T12:03:50Z" duration-ms="35" status="PASS">
          <reporter-output>
          </reporter-output>
        </test-method> <!-- LogoDisplayed -->
        <test-method is-config="true" signature="tearDown()[pri:0, instance:com.qa.crm.testcases.LoginPageTest@5f16132a]" started-at="2018-05-23T12:03:50Z" name="tearDown" finished-at="2018-05-23T12:03:50Z" duration-ms="78" status="PASS">
          <reporter-output>
          </reporter-output>
        </test-method> <!-- tearDown -->
        <test-method is-config="true" signature="setUp()[pri:0, instance:com.qa.crm.testcases.LoginPageTest@5f16132a]" started-at="2018-05-23T12:04:48Z" name="setUp" finished-at="2018-05-23T12:04:55Z" duration-ms="7153" status="PASS">
          <reporter-output>
          </reporter-output>
        </test-method> <!-- setUp -->
        <test-method signature="verifyPagetitle()[pri:3, instance:com.qa.crm.testcases.LoginPageTest@5f16132a]" started-at="2018-05-23T12:04:55Z" name="verifyPagetitle" finished-at="2018-05-23T12:04:55Z" duration-ms="7" status="PASS">
          <reporter-output>
          </reporter-output>
        </test-method> <!-- verifyPagetitle -->
        <test-method is-config="true" signature="tearDown()[pri:0, instance:com.qa.crm.testcases.LoginPageTest@5f16132a]" started-at="2018-05-23T12:04:55Z" name="tearDown" finished-at="2018-05-23T12:04:55Z" duration-ms="87" status="PASS">
          <reporter-output>
          </reporter-output>
        </test-method> <!-- tearDown -->
      </class> <!-- com.qa.crm.testcases.LoginPageTest -->
      <class name="com.qa.crm.testcases.HomePageTest">
        <test-method is-config="true" signature="SetUp()[pri:0, instance:com.qa.crm.testcases.HomePageTest@69fb6037]" started-at="2018-05-23T12:03:07Z" name="SetUp" finished-at="2018-05-23T12:03:22Z" duration-ms="15526" status="PASS">
          <reporter-output>
          </reporter-output>
        </test-method> <!-- SetUp -->
        <test-method signature="VerifyUsername()[pri:1, instance:com.qa.crm.testcases.HomePageTest@69fb6037]" started-at="2018-05-23T12:03:22Z" name="VerifyUsername" finished-at="2018-05-23T12:03:22Z" duration-ms="64" status="PASS">
          <reporter-output>
          </reporter-output>
        </test-method> <!-- VerifyUsername -->
        <test-method is-config="true" signature="TearDown()[pri:0, instance:com.qa.crm.testcases.HomePageTest@69fb6037]" started-at="2018-05-23T12:03:22Z" name="TearDown" finished-at="2018-05-23T12:03:22Z" duration-ms="123" status="PASS">
          <reporter-output>
          </reporter-output>
        </test-method> <!-- TearDown -->
        <test-method is-config="true" signature="SetUp()[pri:0, instance:com.qa.crm.testcases.HomePageTest@69fb6037]" started-at="2018-05-23T12:03:50Z" name="SetUp" finished-at="2018-05-23T12:04:08Z" duration-ms="17892" status="PASS">
          <reporter-output>
          </reporter-output>
        </test-method> <!-- SetUp -->
        <test-method signature="VerifyPageTitle()[pri:2, instance:com.qa.crm.testcases.HomePageTest@69fb6037]" started-at="2018-05-23T12:04:08Z" name="VerifyPageTitle" finished-at="2018-05-23T12:04:08Z" duration-ms="7" status="PASS">
          <reporter-output>
          </reporter-output>
        </test-method> <!-- VerifyPageTitle -->
        <test-method is-config="true" signature="TearDown()[pri:0, instance:com.qa.crm.testcases.HomePageTest@69fb6037]" started-at="2018-05-23T12:04:08Z" name="TearDown" finished-at="2018-05-23T12:04:08Z" duration-ms="166" status="PASS">
          <reporter-output>
          </reporter-output>
        </test-method> <!-- TearDown -->
        <test-method is-config="true" signature="SetUp()[pri:0, instance:com.qa.crm.testcases.HomePageTest@69fb6037]" started-at="2018-05-23T12:04:55Z" name="SetUp" finished-at="2018-05-23T12:05:12Z" duration-ms="16517" status="PASS">
          <reporter-output>
          </reporter-output>
        </test-method> <!-- SetUp -->
        <test-method signature="VerifyContactsLink()[pri:3, instance:com.qa.crm.testcases.HomePageTest@69fb6037]" started-at="2018-05-23T12:05:12Z" name="VerifyContactsLink" finished-at="2018-05-23T12:05:12Z" duration-ms="148" status="PASS">
          <reporter-output>
          </reporter-output>
        </test-method> <!-- VerifyContactsLink -->
        <test-method is-config="true" signature="TearDown()[pri:0, instance:com.qa.crm.testcases.HomePageTest@69fb6037]" started-at="2018-05-23T12:05:12Z" name="TearDown" finished-at="2018-05-23T12:05:12Z" duration-ms="170" status="PASS">
          <reporter-output>
          </reporter-output>
        </test-method> <!-- TearDown -->
      </class> <!-- com.qa.crm.testcases.HomePageTest -->
    </test> <!-- Free CRM App Test Cases -->
  </suite> <!-- FREECrmH -->
</testng-results>
